Arguments: 
  /usr/local/bin/node /Users/tomoya/.yarn/bin/yarn.js init

PATH: 
  /usr/local/heroku/bin:/Users/tomoya/.yarn/bin:/Users/tomoya/.gvm/vertx/current/bin:/Users/tomoya/.gvm/springboot/current/bin:/Users/tomoya/.gvm/lazybones/current/bin:/Users/tomoya/.gvm/jbossforge/current/bin:/Users/tomoya/.gvm/jbake/current/bin:/Users/tomoya/.gvm/groovyserv/current/bin:/Users/tomoya/.gvm/groovy/current/bin:/Users/tomoya/.gvm/griffon/current/bin:/Users/tomoya/.gvm/grails/current/bin:/Users/tomoya/.gvm/gradle/current/bin:/Users/tomoya/.gvm/glide/current/bin:/Users/tomoya/.gvm/gaiden/current/bin:/Users/tomoya/.gvm/crash/current/bin:/Users/tomoya/.gvm/asciidoctorj/current/bin:/Users/tomoya/src/google.com/google-cloud-sdk/bin:/Users/tomoya/bin:/Users/tomoya/work/dotfiles/bin:/bin:/Users/tomoya/.rbenv/bin:/Users/tomoya/.rbenv/shims:/Users/tomoya/.cargo/bin:/usr/local/bin:/usr/local/sbin:/usr/bin:/bin:/usr/sbin:/sbin:/opt/X11/bin:/Library/Frameworks/Mono.framework/Versions/Current/Commands:/Users/tomoya/.fzf/bin

Yarn version: 
  1.16.0

Node version: 
  10.10.0

Platform: 
  darwin x64

Trace: 
  Error: canceled
      at Interface.<anonymous> (/Users/tomoya/.yarn/lib/cli.js:125850:13)
      at Interface.emit (events.js:182:13)
      at Interface._ttyWrite (readline.js:783:16)
      at ReadStream.onkeypress (readline.js:168:10)
      at ReadStream.emit (events.js:182:13)
      at emitKeys (internal/readline.js:424:14)
      at emitKeys.next (<anonymous>)
      at ReadStream.onData (readline.js:1022:36)
      at ReadStream.emit (events.js:182:13)
      at addChunk (_stream_readable.js:283:12)

npm manifest: 
  No manifest

yarn manifest: 
  No manifest

Lockfile: 
  No lockfile
